# JRE version: Java(TM) SE Runtime Environment (8.0_102-b14) (build 1.8.0_102-b14)
# Java VM: Java HotSpot(TM) 64-Bit Server VM (25.102-b14 mixed mode windows-amd64 compressed oops)
Heap:
 par new generation   total 306688K, used 231463K [0x0000000080000000, 0x0000000094cc0000, 0x0000000094cc0000)
  eden space 272640K,  77% used [0x0000000080000000, 0x000000008cdb4c28, 0x0000000090a40000)
  from space 34048K,  61% used [0x0000000092b80000, 0x0000000093fd5280, 0x0000000094cc0000)
  to   space 34048K,   0% used [0x0000000090a40000, 0x0000000090a40000, 0x0000000092b80000)
 concurrent mark-sweep generation total 1195264K, used 122477K [0x0000000094cc0000, 0x00000000ddc00000, 0x0000000100000000)
 Metaspace       used 41039K, capacity 41505K, committed 41984K, reserved 1085440K
  class space    used 5412K, capacity 5582K, committed 5632K, reserved 1048576K
GC Heap History (10 events):
Event: 19.813 GC heap before
{Heap before GC invocations=5 (full 3):
 par new generation   total 306688K, used 293672K [0x0000000080000000, 0x0000000094cc0000, 0x0000000094cc0000)
  eden space 272640K, 100% used [0x0000000080000000, 0x0000000090a40000, 0x0000000090a40000)
  from space 34048K,  61% used [0x0000000090a40000, 0x0000000091eca098, 0x0000000092b80000)
  to   space 34048K,   0% used [0x0000000092b80000, 0x0000000092b80000, 0x0000000094cc0000)
 concurrent mark-sweep generation total 1195264K, used 55953K [0x0000000094cc0000, 0x00000000ddc00000, 0x0000000100000000)
 Metaspace       used 27205K, capacity 27476K, committed 27776K, reserved 1073152K
  class space    used 3632K, capacity 3711K, committed 3712K, reserved 1048576K
Event: 19.847 GC heap after
Heap after GC invocations=6 (full 3):
 par new generation   total 306688K, used 30783K [0x0000000080000000, 0x0000000094cc0000, 0x0000000094cc0000)
  eden space 272640K,   0% used [0x0000000080000000, 0x0000000080000000, 0x0000000090a40000)
  from space 34048K,  90% used [0x0000000092b80000, 0x000000009498fd00, 0x0000000094cc0000)
  to   space 34048K,   0% used [0x0000000090a40000, 0x0000000090a40000, 0x0000000092b80000)
 concurrent mark-sweep generation total 1195264K, used 55953K [0x0000000094cc0000, 0x00000000ddc00000, 0x0000000100000000)
 Metaspace       used 27205K, capacity 27476K, committed 27776K, reserved 1073152K
  class space    used 3632K, capacity 3711K, committed 3712K, reserved 1048576K
}
Event: 22.281 GC heap before
{Heap before GC invocations=6 (full 3):
 par new generation   total 306688K, used 303423K [0x0000000080000000, 0x0000000094cc0000, 0x0000000094cc0000)
  eden space 272640K, 100% used [0x0000000080000000, 0x0000000090a40000, 0x0000000090a40000)
  from space 34048K,  90% used [0x0000000092b80000, 0x000000009498fd00, 0x0000000094cc0000)
  to   space 34048K,   0% used [0x0000000090a40000, 0x0000000090a40000, 0x0000000092b80000)
 concurrent mark-sweep generation total 1195264K, used 55953K [0x0000000094cc0000, 0x00000000ddc00000, 0x0000000100000000)
 Metaspace       used 30349K, capacity 30738K, committed 30976K, reserved 1075200K
  class space    used 4173K, capacity 4308K, committed 4352K, reserved 1048576K
Event: 22.365 GC heap after
Heap after GC invocations=7 (full 3):
 par new generation   total 306688K, used 34048K [0x0000000080000000, 0x0000000094cc0000, 0x0000000094cc0000)
  eden space 272640K,   0% used [0x0000000080000000, 0x0000000080000000, 0x0000000090a40000)
  from space 34048K, 100% used [0x0000000090a40000, 0x0000000092b80000, 0x0000000092b80000)
  to   space 34048K,   0% used [0x0000000092b80000, 0x0000000092b80000, 0x0000000094cc0000)
 concurrent mark-sweep generation total 1195264K, used 72399K [0x0000000094cc0000, 0x00000000ddc00000, 0x0000000100000000)
 Metaspace       used 30349K, capacity 30738K, committed 30976K, reserved 1075200K
  class space    used 4173K, capacity 4308K, committed 4352K, reserved 1048576K
}
Event: 27.618 GC heap before
{Heap before GC invocations=7 (full 4):
 par new generation   total 306688K, used 306688K [0x0000000080000000, 0x0000000094cc0000, 0x0000000094cc0000)
  eden space 272640K, 100% used [0x0000000080000000, 0x0000000090a40000, 0x0000000090a40000)
  from space 34048K, 100% used [0x0000000090a40000, 0x0000000092b80000, 0x0000000092b80000)
  to   space 34048K,   0% used [0x0000000092b80000, 0x0000000092b80000, 0x0000000094cc0000)
 concurrent mark-sweep generation total 1195264K, used 72399K [0x0000000094cc0000, 0x00000000ddc00000, 0x0000000100000000)
 Metaspace       used 34898K, capacity 35305K, committed 35712K, reserved 1081344K
  class space    used 4616K, capacity 4734K, committed 4736K, reserved 1048576K
Event: 27.672 GC heap after
Heap after GC invocations=8 (full 4):
 par new generation   total 306688K, used 34047K [0x0000000080000000, 0x0000000094cc0000, 0x0000000094cc0000)
  eden space 272640K,   0% used [0x0000000080000000, 0x0000000080000000, 0x0000000090a40000)
  from space 34048K,  99% used [0x0000000092b80000, 0x0000000094cbfff8, 0x0000000094cc0000)
  to   space 34048K,   0% used [0x0000000090a40000, 0x0000000090a40000, 0x0000000092b80000)
 concurrent mark-sweep generation total 1195264K, used 82253K [0x0000000094cc0000, 0x00000000ddc00000, 0x0000000100000000)
 Metaspace       used 34898K, capacity 35305K, committed 35712K, reserved 1081344K
  class space    used 4616K, capacity 4734K, committed 4736K, reserved 1048576K
}
Event: 31.312 GC heap before
{Heap before GC invocations=8 (full 4):
 par new generation   total 306688K, used 306687K [0x0000000080000000, 0x0000000094cc0000, 0x0000000094cc0000)
  eden space 272640K, 100% used [0x0000000080000000, 0x0000000090a40000, 0x0000000090a40000)
  from space 34048K,  99% used [0x0000000092b80000, 0x0000000094cbfff8, 0x0000000094cc0000)
  to   space 34048K,   0% used [0x0000000090a40000, 0x0000000090a40000, 0x0000000092b80000)
 concurrent mark-sweep generation total 1195264K, used 80745K [0x0000000094cc0000, 0x00000000ddc00000, 0x0000000100000000)
 Metaspace       used 36785K, capacity 37207K, committed 37632K, reserved 1081344K
  class space    used 4876K, capacity 5009K, committed 5120K, reserved 1048576K
Event: 31.382 GC heap after
Heap after GC invocations=9 (full 4):
 par new generation   total 306688K, used 34048K [0x0000000080000000, 0x0000000094cc0000, 0x0000000094cc0000)
  eden space 272640K,   0% used [0x0000000080000000, 0x0000000080000000, 0x0000000090a40000)
  from space 34048K, 100% used [0x0000000090a40000, 0x0000000092b80000, 0x0000000092b80000)
  to   space 34048K,   0% used [0x0000000092b80000, 0x0000000092b80000, 0x0000000094cc0000)
 concurrent mark-sweep generation total 1195264K, used 107002K [0x0000000094cc0000, 0x00000000ddc00000, 0x0000000100000000)
 Metaspace       used 36785K, capacity 37207K, committed 37632K, reserved 1081344K
  class space    used 4876K, capacity 5009K, committed 5120K, reserved 1048576K
}
Event: 35.171 GC heap before
{Heap before GC invocations=9 (full 5):
 par new generation   total 306688K, used 306688K [0x0000000080000000, 0x0000000094cc0000, 0x0000000094cc0000)
  eden space 272640K, 100% used [0x0000000080000000, 0x0000000090a40000, 0x0000000090a40000)
  from space 34048K, 100% used [0x0000000090a40000, 0x0000000092b80000, 0x0000000092b80000)
  to   space 34048K,   0% used [0x0000000092b80000, 0x0000000092b80000, 0x0000000094cc0000)
 concurrent mark-sweep generation total 1195264K, used 107002K [0x0000000094cc0000, 0x00000000ddc00000, 0x0000000100000000)
 Metaspace       used 39697K, capacity 40201K, committed 40576K, reserved 1085440K
  class space    used 5275K, capacity 5450K, committed 5504K, reserved 1048576K
Event: 35.212 GC heap after
Heap after GC invocations=10 (full 5):
 par new generation   total 306688K, used 20820K [0x0000000080000000, 0x0000000094cc0000, 0x0000000094cc0000)
  eden space 272640K,   0% used [0x0000000080000000, 0x0000000080000000, 0x0000000090a40000)
  from space 34048K,  61% used [0x0000000092b80000, 0x0000000093fd5280, 0x0000000094cc0000)
  to   space 34048K,   0% used [0x0000000090a40000, 0x0000000090a40000, 0x0000000092b80000)
 concurrent mark-sweep generation total 1195264K, used 122477K [0x0000000094cc0000, 0x00000000ddc00000, 0x0000000100000000)
 Metaspace       used 39697K, capacity 40201K, committed 40576K, reserved 1085440K
  class space    used 5275K, capacity 5450K, committed 5504K, reserved 1048576K
}

