# JRE version: Java(TM) SE Runtime Environment (8.0_102-b14) (build 1.8.0_102-b14)
# Java VM: Java HotSpot(TM) 64-Bit Server VM (25.102-b14 mixed mode windows-amd64 compressed oops)
Heap:
 par new generation   total 306688K, used 120375K [0x00000000c0000000, 0x00000000d4cc0000, 0x00000000d4cc0000)
  eden space 272640K,  37% used [0x00000000c0000000, 0x00000000c637c438, 0x00000000d0a40000)
  from space 34048K,  54% used [0x00000000d2b80000, 0x00000000d3d91988, 0x00000000d4cc0000)
  to   space 34048K,   0% used [0x00000000d0a40000, 0x00000000d0a40000, 0x00000000d2b80000)
 concurrent mark-sweep generation total 707840K, used 161207K [0x00000000d4cc0000, 0x0000000100000000, 0x0000000100000000)
 Metaspace       used 40145K, capacity 40601K, committed 41088K, reserved 1085440K
  class space    used 5323K, capacity 5482K, committed 5504K, reserved 1048576K
GC Heap History (10 events):
Event: 23.401 GC heap before
{Heap before GC invocations=7 (full 4):
 par new generation   total 306688K, used 282277K [0x00000000c0000000, 0x00000000d4cc0000, 0x00000000d4cc0000)
  eden space 272640K,  91% used [0x00000000c0000000, 0x00000000cf269558, 0x00000000d0a40000)
  from space 34048K, 100% used [0x00000000d0a40000, 0x00000000d2b80000, 0x00000000d2b80000)
  to   space 34048K,   0% used [0x00000000d2b80000, 0x00000000d2b80000, 0x00000000d4cc0000)
 concurrent mark-sweep generation total 707840K, used 71958K [0x00000000d4cc0000, 0x0000000100000000, 0x0000000100000000)
 Metaspace       used 31009K, capacity 31316K, committed 31872K, reserved 1077248K
  class space    used 4256K, capacity 4381K, committed 4480K, reserved 1048576K
Event: 23.454 GC heap after
Heap after GC invocations=8 (full 4):
 par new generation   total 306688K, used 19816K [0x00000000c0000000, 0x00000000d4cc0000, 0x00000000d4cc0000)
  eden space 272640K,   0% used [0x00000000c0000000, 0x00000000c0000000, 0x00000000d0a40000)
  from space 34048K,  58% used [0x00000000d2b80000, 0x00000000d3eda070, 0x00000000d4cc0000)
  to   space 34048K,   0% used [0x00000000d0a40000, 0x00000000d0a40000, 0x00000000d2b80000)
 concurrent mark-sweep generation total 707840K, used 133483K [0x00000000d4cc0000, 0x0000000100000000, 0x0000000100000000)
 Metaspace       used 31009K, capacity 31316K, committed 31872K, reserved 1077248K
  class space    used 4256K, capacity 4381K, committed 4480K, reserved 1048576K
}
Event: 26.462 GC heap before
{Heap before GC invocations=8 (full 4):
 par new generation   total 306688K, used 292456K [0x00000000c0000000, 0x00000000d4cc0000, 0x00000000d4cc0000)
  eden space 272640K, 100% used [0x00000000c0000000, 0x00000000d0a40000, 0x00000000d0a40000)
  from space 34048K,  58% used [0x00000000d2b80000, 0x00000000d3eda070, 0x00000000d4cc0000)
  to   space 34048K,   0% used [0x00000000d0a40000, 0x00000000d0a40000, 0x00000000d2b80000)
 concurrent mark-sweep generation total 707840K, used 133483K [0x00000000d4cc0000, 0x0000000100000000, 0x0000000100000000)
 Metaspace       used 32884K, capacity 33241K, committed 33536K, reserved 1079296K
  class space    used 4389K, capacity 4542K, committed 4608K, reserved 1048576K
Event: 26.524 GC heap after
Heap after GC invocations=9 (full 4):
 par new generation   total 306688K, used 25308K [0x00000000c0000000, 0x00000000d4cc0000, 0x00000000d4cc0000)
  eden space 272640K,   0% used [0x00000000c0000000, 0x00000000c0000000, 0x00000000d0a40000)
  from space 34048K,  74% used [0x00000000d0a40000, 0x00000000d22f7370, 0x00000000d2b80000)
  to   space 34048K,   0% used [0x00000000d2b80000, 0x00000000d2b80000, 0x00000000d4cc0000)
 concurrent mark-sweep generation total 707840K, used 186084K [0x00000000d4cc0000, 0x0000000100000000, 0x0000000100000000)
 Metaspace       used 32884K, capacity 33241K, committed 33536K, reserved 1079296K
  class space    used 4389K, capacity 4542K, committed 4608K, reserved 1048576K
}
Event: 31.163 GC heap before
{Heap before GC invocations=9 (full 4):
 par new generation   total 306688K, used 297948K [0x00000000c0000000, 0x00000000d4cc0000, 0x00000000d4cc0000)
  eden space 272640K, 100% used [0x00000000c0000000, 0x00000000d0a40000, 0x00000000d0a40000)
  from space 34048K,  74% used [0x00000000d0a40000, 0x00000000d22f7370, 0x00000000d2b80000)
  to   space 34048K,   0% used [0x00000000d2b80000, 0x00000000d2b80000, 0x00000000d4cc0000)
 concurrent mark-sweep generation total 707840K, used 184563K [0x00000000d4cc0000, 0x0000000100000000, 0x0000000100000000)
 Metaspace       used 34889K, capacity 35289K, committed 35712K, reserved 1081344K
  class space    used 4613K, capacity 4734K, committed 4736K, reserved 1048576K
Event: 31.204 GC heap after
Heap after GC invocations=10 (full 4):
 par new generation   total 306688K, used 34048K [0x00000000c0000000, 0x00000000d4cc0000, 0x00000000d4cc0000)
  eden space 272640K,   0% used [0x00000000c0000000, 0x00000000c0000000, 0x00000000d0a40000)
  from space 34048K, 100% used [0x00000000d2b80000, 0x00000000d4cc0000, 0x00000000d4cc0000)
  to   space 34048K,   0% used [0x00000000d0a40000, 0x00000000d0a40000, 0x00000000d2b80000)
 concurrent mark-sweep generation total 707840K, used 195272K [0x00000000d4cc0000, 0x0000000100000000, 0x0000000100000000)
 Metaspace       used 34889K, capacity 35289K, committed 35712K, reserved 1081344K
  class space    used 4613K, capacity 4734K, committed 4736K, reserved 1048576K
}
Event: 34.453 GC heap before
{Heap before GC invocations=10 (full 5):
 par new generation   total 306688K, used 306688K [0x00000000c0000000, 0x00000000d4cc0000, 0x00000000d4cc0000)
  eden space 272640K, 100% used [0x00000000c0000000, 0x00000000d0a40000, 0x00000000d0a40000)
  from space 34048K, 100% used [0x00000000d2b80000, 0x00000000d4cc0000, 0x00000000d4cc0000)
  to   space 34048K,   0% used [0x00000000d0a40000, 0x00000000d0a40000, 0x00000000d2b80000)
 concurrent mark-sweep generation total 707840K, used 195272K [0x00000000d4cc0000, 0x0000000100000000, 0x0000000100000000)
 Metaspace       used 37816K, capacity 38249K, committed 38784K, reserved 1083392K
  class space    used 5011K, capacity 5170K, committed 5248K, reserved 1048576K
Event: 34.521 GC heap after
Heap after GC invocations=11 (full 5):
 par new generation   total 306688K, used 34047K [0x00000000c0000000, 0x00000000d4cc0000, 0x00000000d4cc0000)
  eden space 272640K,   0% used [0x00000000c0000000, 0x00000000c0000000, 0x00000000d0a40000)
  from space 34048K,  99% used [0x00000000d0a40000, 0x00000000d2b7fff8, 0x00000000d2b80000)
  to   space 34048K,   0% used [0x00000000d2b80000, 0x00000000d2b80000, 0x00000000d4cc0000)
 concurrent mark-sweep generation total 707840K, used 216730K [0x00000000d4cc0000, 0x0000000100000000, 0x0000000100000000)
 Metaspace       used 37816K, capacity 38249K, committed 38784K, reserved 1083392K
  class space    used 5011K, capacity 5170K, committed 5248K, reserved 1048576K
}
Event: 45.602 GC heap before
{Heap before GC invocations=11 (full 5):
 par new generation   total 306688K, used 306687K [0x00000000c0000000, 0x00000000d4cc0000, 0x00000000d4cc0000)
  eden space 272640K, 100% used [0x00000000c0000000, 0x00000000d0a40000, 0x00000000d0a40000)
  from space 34048K,  99% used [0x00000000d0a40000, 0x00000000d2b7fff8, 0x00000000d2b80000)
  to   space 34048K,   0% used [0x00000000d2b80000, 0x00000000d2b80000, 0x00000000d4cc0000)
 concurrent mark-sweep generation total 707840K, used 153630K [0x00000000d4cc0000, 0x0000000100000000, 0x0000000100000000)
 Metaspace       used 39623K, capacity 40121K, committed 40576K, reserved 1085440K
  class space    used 5264K, capacity 5450K, committed 5504K, reserved 1048576K
Event: 45.634 GC heap after
Heap after GC invocations=12 (full 5):
 par new generation   total 306688K, used 18502K [0x00000000c0000000, 0x00000000d4cc0000, 0x00000000d4cc0000)
  eden space 272640K,   0% used [0x00000000c0000000, 0x00000000c0000000, 0x00000000d0a40000)
  from space 34048K,  54% used [0x00000000d2b80000, 0x00000000d3d91988, 0x00000000d4cc0000)
  to   space 34048K,   0% used [0x00000000d0a40000, 0x00000000d0a40000, 0x00000000d2b80000)
 concurrent mark-sweep generation total 707840K, used 161207K [0x00000000d4cc0000, 0x0000000100000000, 0x0000000100000000)
 Metaspace       used 39623K, capacity 40121K, committed 40576K, reserved 1085440K
  class space    used 5264K, capacity 5450K, committed 5504K, reserved 1048576K
}

